2023-01-05 12:55:16,382 INFO o.a.j.u.JMeterUtils: Setting Locale to en_EN
2023-01-05 12:55:16,401 INFO o.a.j.JMeter: Loading user properties from: user.properties
2023-01-05 12:55:16,403 INFO o.a.j.JMeter: Loading system properties from: system.properties
2023-01-05 12:55:16,409 INFO o.a.j.JMeter: Copyright (c) 1998-2022 The Apache Software Foundation
2023-01-05 12:55:16,409 INFO o.a.j.JMeter: Version 5.5
2023-01-05 12:55:16,409 INFO o.a.j.JMeter: java.version=18
2023-01-05 12:55:16,409 INFO o.a.j.JMeter: java.vm.name=Java HotSpot(TM) 64-Bit Server VM
2023-01-05 12:55:16,409 INFO o.a.j.JMeter: os.name=Windows 10
2023-01-05 12:55:16,409 INFO o.a.j.JMeter: os.arch=amd64
2023-01-05 12:55:16,409 INFO o.a.j.JMeter: os.version=10.0
2023-01-05 12:55:16,410 INFO o.a.j.JMeter: file.encoding=UTF-8
2023-01-05 12:55:16,410 INFO o.a.j.JMeter: java.awt.headless=null
2023-01-05 12:55:16,410 INFO o.a.j.JMeter: Max memory     =1073741824
2023-01-05 12:55:16,410 INFO o.a.j.JMeter: Available Processors =6
2023-01-05 12:55:16,417 INFO o.a.j.JMeter: Default Locale=English (EN)
2023-01-05 12:55:16,418 INFO o.a.j.JMeter: JMeter  Locale=English (EN)
2023-01-05 12:55:16,418 INFO o.a.j.JMeter: JMeterHome=E:\youtube_code\microservices\apache-jmeter-5.5\apache-jmeter-5.5
2023-01-05 12:55:16,418 INFO o.a.j.JMeter: user.dir  =E:\youtube_code\microservices\apache-jmeter-5.5\apache-jmeter-5.5\bin
2023-01-05 12:55:16,418 INFO o.a.j.JMeter: PWD       =E:\youtube_code\microservices\apache-jmeter-5.5\apache-jmeter-5.5\bin
2023-01-05 12:55:16,419 INFO o.a.j.JMeter: IP: 172.30.240.1 Name: DESKTOP-8IQD9MN FullName: DESKTOP-8IQD9MN.mshome.net
2023-01-05 12:55:16,425 INFO o.a.j.JMeter: Loaded icon properties from org/apache/jmeter/images/icon.properties
2023-01-05 12:55:16,591 INFO o.a.j.JMeterGuiLauncher: Setting LAF to: com.github.weisj.darklaf.DarkLaf:com.github.weisj.darklaf.theme.DarculaTheme
2023-01-05 12:55:51,188 INFO o.a.j.p.h.s.HTTPSamplerBase: Parser for text/html is org.apache.jmeter.protocol.http.parser.LagartoBasedHtmlParser
2023-01-05 12:55:51,189 INFO o.a.j.p.h.s.HTTPSamplerBase: Parser for application/xhtml+xml is org.apache.jmeter.protocol.http.parser.LagartoBasedHtmlParser
2023-01-05 12:55:51,189 INFO o.a.j.p.h.s.HTTPSamplerBase: Parser for application/xml is org.apache.jmeter.protocol.http.parser.LagartoBasedHtmlParser
2023-01-05 12:55:51,189 INFO o.a.j.p.h.s.HTTPSamplerBase: Parser for text/xml is org.apache.jmeter.protocol.http.parser.LagartoBasedHtmlParser
2023-01-05 12:55:51,189 INFO o.a.j.p.h.s.HTTPSamplerBase: Parser for text/vnd.wap.wml is org.apache.jmeter.protocol.http.parser.RegexpHTMLParser
2023-01-05 12:55:51,189 INFO o.a.j.p.h.s.HTTPSamplerBase: Parser for text/css is org.apache.jmeter.protocol.http.parser.CssParser
2023-01-05 12:56:35,649 INFO o.a.j.s.SampleResult: Note: Sample TimeStamps are START times
2023-01-05 12:56:35,649 INFO o.a.j.s.SampleResult: sampleresult.default.encoding is set to ISO-8859-1
2023-01-05 12:56:35,649 INFO o.a.j.s.SampleResult: sampleresult.useNanoTime=true
2023-01-05 12:56:35,649 INFO o.a.j.s.SampleResult: sampleresult.nanoThreadSleep=5000
2023-01-05 12:56:35,776 INFO o.a.j.v.ViewResultsFullVisualizer: Add JavaFX to your Java installation if you want to use renderer: org.apache.jmeter.visualizers.RenderInBrowser
2023-01-05 12:56:57,990 INFO o.a.j.s.FileServer: Default base='E:\youtube_code\microservices\apache-jmeter-5.5\apache-jmeter-5.5\bin'
2023-01-05 12:56:57,990 INFO o.a.j.s.FileServer: Set new base='E:\youtube_code\microservices\apache-jmeter-5.5\apache-jmeter-5.5\bin'
2023-01-05 12:56:58,144 INFO o.a.j.s.SaveService: Testplan (JMX) version: 2.2. Testlog (JTL) version: 2.2
2023-01-05 12:56:58,165 INFO o.a.j.s.SaveService: Using SaveService properties version 5.0
2023-01-05 12:56:58,167 INFO o.a.j.s.SaveService: Using SaveService properties file encoding UTF-8
2023-01-05 12:56:58,192 INFO o.a.j.e.StandardJMeterEngine: Running the test!
2023-01-05 12:56:58,193 INFO o.a.j.s.SampleEvent: List of sample_variables: []
2023-01-05 12:56:58,193 INFO o.a.j.s.SampleEvent: List of sample_variables: []
2023-01-05 12:56:58,194 INFO o.a.j.e.u.CompoundVariable: Note: Function class names must contain the string: '.functions.'
2023-01-05 12:56:58,194 INFO o.a.j.e.u.CompoundVariable: Note: Function class names must not contain the string: '.gui.'
2023-01-05 12:56:58,226 INFO o.a.j.g.u.JMeterMenuBar: setRunning(true, *local*)
2023-01-05 12:56:58,228 INFO o.a.j.e.StandardJMeterEngine: Starting ThreadGroup: 1 : Thread Group
2023-01-05 12:56:58,228 INFO o.a.j.e.StandardJMeterEngine: Starting 15 threads for group Thread Group.
2023-01-05 12:56:58,228 INFO o.a.j.e.StandardJMeterEngine: Thread will continue on error
2023-01-05 12:56:58,228 INFO o.a.j.t.ThreadGroup: Starting thread group... number=1 threads=15 ramp-up=1 delayedStart=false
2023-01-05 12:56:58,241 INFO o.a.j.t.ThreadGroup: Started thread group number 1
2023-01-05 12:56:58,241 INFO o.a.j.e.StandardJMeterEngine: All thread groups have been started
2023-01-05 12:56:58,238 INFO o.a.j.t.JMeterThread: Thread started: Thread Group 1-1
2023-01-05 12:56:58,255 INFO o.a.j.p.h.s.HTTPHCAbstractImpl: Local host = DESKTOP-8IQD9MN
2023-01-05 12:56:58,264 INFO o.a.j.p.h.s.HTTPHC4Impl: HTTP request retry count = 0
2023-01-05 12:56:58,297 INFO o.a.j.t.JMeterThread: Thread started: Thread Group 1-2
2023-01-05 12:56:58,364 INFO o.a.j.t.JMeterThread: Thread started: Thread Group 1-3
2023-01-05 12:56:58,365 INFO o.a.j.t.JMeterThread: Thread is done: Thread Group 1-1
2023-01-05 12:56:58,365 INFO o.a.j.t.JMeterThread: Thread is done: Thread Group 1-2
2023-01-05 12:56:58,365 INFO o.a.j.t.JMeterThread: Thread finished: Thread Group 1-1
2023-01-05 12:56:58,365 INFO o.a.j.t.JMeterThread: Thread finished: Thread Group 1-2
2023-01-05 12:56:58,372 INFO o.a.j.t.JMeterThread: Thread is done: Thread Group 1-3
2023-01-05 12:56:58,372 INFO o.a.j.t.JMeterThread: Thread finished: Thread Group 1-3
2023-01-05 12:56:58,433 INFO o.a.j.t.JMeterThread: Thread started: Thread Group 1-4
2023-01-05 12:56:58,437 INFO o.a.j.t.JMeterThread: Thread is done: Thread Group 1-4
2023-01-05 12:56:58,438 INFO o.a.j.t.JMeterThread: Thread finished: Thread Group 1-4
2023-01-05 12:56:58,505 INFO o.a.j.t.JMeterThread: Thread started: Thread Group 1-5
2023-01-05 12:56:58,510 INFO o.a.j.t.JMeterThread: Thread is done: Thread Group 1-5
2023-01-05 12:56:58,510 INFO o.a.j.t.JMeterThread: Thread finished: Thread Group 1-5
2023-01-05 12:56:58,570 INFO o.a.j.t.JMeterThread: Thread started: Thread Group 1-6
2023-01-05 12:56:58,574 INFO o.a.j.t.JMeterThread: Thread is done: Thread Group 1-6
2023-01-05 12:56:58,574 INFO o.a.j.t.JMeterThread: Thread finished: Thread Group 1-6
2023-01-05 12:56:58,637 INFO o.a.j.t.JMeterThread: Thread started: Thread Group 1-7
2023-01-05 12:56:58,641 INFO o.a.j.t.JMeterThread: Thread is done: Thread Group 1-7
2023-01-05 12:56:58,641 INFO o.a.j.t.JMeterThread: Thread finished: Thread Group 1-7
2023-01-05 12:56:58,701 INFO o.a.j.t.JMeterThread: Thread started: Thread Group 1-8
2023-01-05 12:56:58,705 INFO o.a.j.t.JMeterThread: Thread is done: Thread Group 1-8
2023-01-05 12:56:58,705 INFO o.a.j.t.JMeterThread: Thread finished: Thread Group 1-8
2023-01-05 12:56:58,768 INFO o.a.j.t.JMeterThread: Thread started: Thread Group 1-9
2023-01-05 12:56:58,772 INFO o.a.j.t.JMeterThread: Thread is done: Thread Group 1-9
2023-01-05 12:56:58,772 INFO o.a.j.t.JMeterThread: Thread finished: Thread Group 1-9
2023-01-05 12:56:58,834 INFO o.a.j.t.JMeterThread: Thread started: Thread Group 1-10
2023-01-05 12:56:58,839 INFO o.a.j.t.JMeterThread: Thread is done: Thread Group 1-10
2023-01-05 12:56:58,839 INFO o.a.j.t.JMeterThread: Thread finished: Thread Group 1-10
2023-01-05 12:56:58,904 INFO o.a.j.t.JMeterThread: Thread started: Thread Group 1-11
2023-01-05 12:56:58,910 INFO o.a.j.t.JMeterThread: Thread is done: Thread Group 1-11
2023-01-05 12:56:58,910 INFO o.a.j.t.JMeterThread: Thread finished: Thread Group 1-11
2023-01-05 12:56:58,970 INFO o.a.j.t.JMeterThread: Thread started: Thread Group 1-12
2023-01-05 12:56:58,975 INFO o.a.j.t.JMeterThread: Thread is done: Thread Group 1-12
2023-01-05 12:56:58,976 INFO o.a.j.t.JMeterThread: Thread finished: Thread Group 1-12
2023-01-05 12:56:59,039 INFO o.a.j.t.JMeterThread: Thread started: Thread Group 1-13
2023-01-05 12:56:59,043 INFO o.a.j.t.JMeterThread: Thread is done: Thread Group 1-13
2023-01-05 12:56:59,043 INFO o.a.j.t.JMeterThread: Thread finished: Thread Group 1-13
2023-01-05 12:56:59,102 INFO o.a.j.t.JMeterThread: Thread started: Thread Group 1-14
2023-01-05 12:56:59,106 INFO o.a.j.t.JMeterThread: Thread is done: Thread Group 1-14
2023-01-05 12:56:59,106 INFO o.a.j.t.JMeterThread: Thread finished: Thread Group 1-14
2023-01-05 12:56:59,169 INFO o.a.j.t.JMeterThread: Thread started: Thread Group 1-15
2023-01-05 12:56:59,174 INFO o.a.j.t.JMeterThread: Thread is done: Thread Group 1-15
2023-01-05 12:56:59,174 INFO o.a.j.t.JMeterThread: Thread finished: Thread Group 1-15
2023-01-05 12:56:59,174 INFO o.a.j.e.StandardJMeterEngine: Notifying test listeners of end of test
2023-01-05 12:56:59,175 INFO o.a.j.g.u.JMeterMenuBar: setRunning(false, *local*)
2023-01-05 12:58:13,991 INFO o.a.j.e.StandardJMeterEngine: Running the test!
2023-01-05 12:58:13,991 INFO o.a.j.s.SampleEvent: List of sample_variables: []
2023-01-05 12:58:13,992 INFO o.a.j.g.u.JMeterMenuBar: setRunning(true, *local*)
2023-01-05 12:58:14,016 INFO o.a.j.e.StandardJMeterEngine: Starting ThreadGroup: 1 : Thread Group
2023-01-05 12:58:14,016 INFO o.a.j.e.StandardJMeterEngine: Starting 15 threads for group Thread Group.
2023-01-05 12:58:14,016 INFO o.a.j.e.StandardJMeterEngine: Thread will continue on error
2023-01-05 12:58:14,016 INFO o.a.j.t.ThreadGroup: Starting thread group... number=1 threads=15 ramp-up=1 delayedStart=false
2023-01-05 12:58:14,017 INFO o.a.j.t.JMeterThread: Thread started: Thread Group 1-1
2023-01-05 12:58:14,019 INFO o.a.j.t.ThreadGroup: Started thread group number 1
2023-01-05 12:58:14,019 INFO o.a.j.e.StandardJMeterEngine: All thread groups have been started
2023-01-05 12:58:14,088 INFO o.a.j.t.JMeterThread: Thread started: Thread Group 1-2
2023-01-05 12:58:14,155 INFO o.a.j.t.JMeterThread: Thread started: Thread Group 1-3
2023-01-05 12:58:14,221 INFO o.a.j.t.JMeterThread: Thread started: Thread Group 1-4
2023-01-05 12:58:14,257 INFO o.a.j.t.JMeterThread: Thread is done: Thread Group 1-1
2023-01-05 12:58:14,257 INFO o.a.j.t.JMeterThread: Thread is done: Thread Group 1-4
2023-01-05 12:58:14,257 INFO o.a.j.t.JMeterThread: Thread is done: Thread Group 1-2
2023-01-05 12:58:14,257 INFO o.a.j.t.JMeterThread: Thread is done: Thread Group 1-3
2023-01-05 12:58:14,257 INFO o.a.j.t.JMeterThread: Thread finished: Thread Group 1-4
2023-01-05 12:58:14,257 INFO o.a.j.t.JMeterThread: Thread finished: Thread Group 1-2
2023-01-05 12:58:14,257 INFO o.a.j.t.JMeterThread: Thread finished: Thread Group 1-3
2023-01-05 12:58:14,257 INFO o.a.j.t.JMeterThread: Thread finished: Thread Group 1-1
2023-01-05 12:58:14,288 INFO o.a.j.t.JMeterThread: Thread started: Thread Group 1-5
2023-01-05 12:58:14,355 INFO o.a.j.t.JMeterThread: Thread started: Thread Group 1-6
2023-01-05 12:58:14,421 INFO o.a.j.t.JMeterThread: Thread started: Thread Group 1-7
2023-01-05 12:58:14,489 INFO o.a.j.t.JMeterThread: Thread started: Thread Group 1-8
2023-01-05 12:58:14,556 INFO o.a.j.t.JMeterThread: Thread started: Thread Group 1-9
2023-01-05 12:58:14,622 INFO o.a.j.t.JMeterThread: Thread started: Thread Group 1-10
2023-01-05 12:58:14,689 INFO o.a.j.t.JMeterThread: Thread started: Thread Group 1-11
2023-01-05 12:58:14,755 INFO o.a.j.t.JMeterThread: Thread started: Thread Group 1-12
2023-01-05 12:58:14,823 INFO o.a.j.t.JMeterThread: Thread started: Thread Group 1-13
2023-01-05 12:58:14,890 INFO o.a.j.t.JMeterThread: Thread started: Thread Group 1-14
2023-01-05 12:58:14,956 INFO o.a.j.t.JMeterThread: Thread started: Thread Group 1-15
2023-01-05 12:58:16,293 INFO o.a.j.t.JMeterThread: Thread is done: Thread Group 1-5
2023-01-05 12:58:16,293 INFO o.a.j.t.JMeterThread: Thread finished: Thread Group 1-5
2023-01-05 12:58:16,371 INFO o.a.j.t.JMeterThread: Thread is done: Thread Group 1-6
2023-01-05 12:58:16,371 INFO o.a.j.t.JMeterThread: Thread finished: Thread Group 1-6
2023-01-05 12:58:16,433 INFO o.a.j.t.JMeterThread: Thread is done: Thread Group 1-7
2023-01-05 12:58:16,433 INFO o.a.j.t.JMeterThread: Thread finished: Thread Group 1-7
2023-01-05 12:58:16,497 INFO o.a.j.t.JMeterThread: Thread is done: Thread Group 1-8
2023-01-05 12:58:16,498 INFO o.a.j.t.JMeterThread: Thread finished: Thread Group 1-8
2023-01-05 12:58:16,576 INFO o.a.j.t.JMeterThread: Thread is done: Thread Group 1-9
2023-01-05 12:58:16,576 INFO o.a.j.t.JMeterThread: Thread finished: Thread Group 1-9
2023-01-05 12:58:16,636 INFO o.a.j.t.JMeterThread: Thread is done: Thread Group 1-10
2023-01-05 12:58:16,636 INFO o.a.j.t.JMeterThread: Thread finished: Thread Group 1-10
2023-01-05 12:58:16,699 INFO o.a.j.t.JMeterThread: Thread is done: Thread Group 1-11
2023-01-05 12:58:16,699 INFO o.a.j.t.JMeterThread: Thread finished: Thread Group 1-11
2023-01-05 12:58:16,761 INFO o.a.j.t.JMeterThread: Thread is done: Thread Group 1-12
2023-01-05 12:58:16,762 INFO o.a.j.t.JMeterThread: Thread finished: Thread Group 1-12
2023-01-05 12:58:16,839 INFO o.a.j.t.JMeterThread: Thread is done: Thread Group 1-13
2023-01-05 12:58:16,839 INFO o.a.j.t.JMeterThread: Thread finished: Thread Group 1-13
2023-01-05 12:58:16,901 INFO o.a.j.t.JMeterThread: Thread is done: Thread Group 1-14
2023-01-05 12:58:16,901 INFO o.a.j.t.JMeterThread: Thread finished: Thread Group 1-14
2023-01-05 12:58:16,964 INFO o.a.j.t.JMeterThread: Thread is done: Thread Group 1-15
2023-01-05 12:58:16,964 INFO o.a.j.t.JMeterThread: Thread finished: Thread Group 1-15
2023-01-05 12:58:16,964 INFO o.a.j.e.StandardJMeterEngine: Notifying test listeners of end of test
2023-01-05 12:58:16,965 INFO o.a.j.g.u.JMeterMenuBar: setRunning(false, *local*)
